24-02-2026 14:51:50 INFO  HomePage           - PAGE: Searching for: Selenium
24-02-2026 14:51:54 INFO  SearchResultPage   - PAGE: Printing the first course title in the console
24-02-2026 14:51:55 INFO  SearchResultPage   - PAGE: Printing the first course title in the console
24-02-2026 14:52:03 INFO  HomePage           - PAGE: Searching for: java
24-02-2026 14:52:04 INFO  HomePage           - PAGE: Searching for: java
24-02-2026 14:52:08 INFO  SearchResultPage   - PAGE: Printing the first course title in the console
24-02-2026 14:52:08 INFO  SearchResultPage   - PAGE: Printing the first course title in the console
24-02-2026 14:52:16 INFO  HomePage           - PAGE: Searching for: Automation
24-02-2026 14:52:16 INFO  HomePage           - PAGE: Searching for: Automation
24-02-2026 14:52:21 INFO  SearchResultPage   - PAGE: Printing the first course title in the console
24-02-2026 14:52:22 INFO  SearchResultPage   - PAGE: Printing the first course title in the console
24-02-2026 14:52:30 INFO  HomePage           - PAGE: Hover over explore link
24-02-2026 14:52:30 INFO  HomePage           - PAGE: Selecting Python from explore
24-02-2026 14:52:31 INFO  HomePage           - PAGE: Hover over explore link
24-02-2026 14:52:31 INFO  HomePage           - PAGE: Selecting Python from explore
24-02-2026 14:52:36 INFO  PythonPage         - PAGE: Click the first course
24-02-2026 14:52:36 INFO  PythonPage         - PAGE: Switching tab after clicking first Python course
24-02-2026 14:52:36 INFO  PythonPage         - PAGE: Printing the level of the course in console
24-02-2026 14:52:36 INFO  PythonPage         - PAGE: Click the first course
24-02-2026 14:52:36 INFO  PythonPage         - PAGE: Switching tab after clicking first Python course
24-02-2026 14:52:36 INFO  PythonPage         - PAGE: Printing the level of the course in console
