27-02-2026 13:40:36 INFO  HomePage           - PAGE: Searching for: Selenium
27-02-2026 13:40:40 INFO  SearchResultPage   - PAGE: Printing the first course title in the console
27-02-2026 13:40:41 INFO  SearchResultPage   - PAGE: Printing the first course title in the console
27-02-2026 13:40:50 INFO  HomePage           - PAGE: Searching for: java
27-02-2026 13:40:51 INFO  HomePage           - PAGE: Searching for: java
27-02-2026 13:40:55 INFO  SearchResultPage   - PAGE: Printing the first course title in the console
27-02-2026 13:40:55 INFO  SearchResultPage   - PAGE: Printing the first course title in the console
27-02-2026 13:41:06 INFO  HomePage           - PAGE: Searching for: Cucumber
27-02-2026 13:41:06 INFO  HomePage           - PAGE: Searching for: Cucumber
27-02-2026 13:41:08 INFO  SearchResultPage   - PAGE: Printing the first course title in the console
27-02-2026 13:41:09 INFO  SearchResultPage   - PAGE: Printing the first course title in the console
27-02-2026 13:41:18 INFO  HomePage           - PAGE: Navigating to forUniversities page
27-02-2026 13:41:21 INFO  HomePage           - PAGE: Navigating to forUniversities page
27-02-2026 13:41:29 INFO  UniversityPage     - PAGE: Click contactUs button
27-02-2026 13:41:31 INFO  UniversityPage     - PAGE: Click contactUs button
27-02-2026 13:41:35 INFO  FormPage           - PAGE: Filling the form
27-02-2026 13:41:36 INFO  FormPage           - PAGE: Filling the form
27-02-2026 13:41:38 INFO  FormPage           - PAGE: Click submit button
27-02-2026 13:41:38 INFO  FormPage           - PAGE: Click submit button
27-02-2026 13:41:38 INFO  FormPage           - PAGE: Return the alert
27-02-2026 13:41:39 INFO  FormPage           - PAGE: Return the alert
27-02-2026 13:41:50 INFO  HomePage           - PAGE: Navigating to forUniversities page
27-02-2026 13:41:51 INFO  HomePage           - PAGE: Navigating to forUniversities page
27-02-2026 13:41:59 INFO  UniversityPage     - PAGE: Click contactUs button
27-02-2026 13:42:00 INFO  UniversityPage     - PAGE: Click contactUs button
27-02-2026 13:42:03 INFO  FormPage           - PAGE: Filling the form
27-02-2026 13:42:05 INFO  FormPage           - PAGE: Filling the form
27-02-2026 13:42:06 INFO  FormPage           - PAGE: Click submit button
27-02-2026 13:42:06 INFO  FormPage           - PAGE: Return the alert
27-02-2026 13:42:08 INFO  FormPage           - PAGE: Click submit button
27-02-2026 13:42:08 INFO  FormPage           - PAGE: Return the alert
27-02-2026 13:42:16 INFO  HomePage           - PAGE: Navigating to forUniversities page
27-02-2026 13:42:19 INFO  HomePage           - PAGE: Navigating to forUniversities page
27-02-2026 13:42:27 INFO  UniversityPage     - PAGE: Click contactUs button
27-02-2026 13:42:30 INFO  UniversityPage     - PAGE: Click contactUs button
27-02-2026 13:42:32 INFO  FormPage           - PAGE: Filling the form
27-02-2026 13:42:34 INFO  FormPage           - PAGE: Click submit button
27-02-2026 13:42:35 INFO  FormPage           - PAGE: Return the alert
27-02-2026 13:42:36 INFO  FormPage           - PAGE: Filling the form
27-02-2026 13:42:38 INFO  FormPage           - PAGE: Click submit button
27-02-2026 13:42:39 INFO  FormPage           - PAGE: Return the alert
27-02-2026 13:42:44 INFO  HomePage           - PAGE: Navigating to forUniversities page
27-02-2026 13:42:50 INFO  HomePage           - PAGE: Navigating to forUniversities page
27-02-2026 13:42:55 INFO  UniversityPage     - PAGE: Click contactUs button
27-02-2026 13:42:58 INFO  UniversityPage     - PAGE: Click contactUs button
27-02-2026 13:43:01 INFO  FormPage           - PAGE: Filling the form
27-02-2026 13:43:03 INFO  FormPage           - PAGE: Click submit button
27-02-2026 13:43:04 INFO  FormPage           - PAGE: Filling the form
27-02-2026 13:43:04 INFO  FormPage           - PAGE: Return the alert
27-02-2026 13:43:07 INFO  FormPage           - PAGE: Click submit button
27-02-2026 13:43:07 INFO  FormPage           - PAGE: Return the alert
27-02-2026 13:43:13 INFO  HomePage           - PAGE: Navigating to forUniversities page
27-02-2026 13:43:19 INFO  HomePage           - PAGE: Navigating to forUniversities page
27-02-2026 13:43:19 INFO  UniversityPage     - PAGE: Click contactUs button
27-02-2026 13:43:24 INFO  FormPage           - PAGE: Filling the form
27-02-2026 13:43:28 INFO  FormPage           - PAGE: Click submit button
27-02-2026 13:43:28 INFO  FormPage           - PAGE: Return the alert
27-02-2026 13:43:29 INFO  UniversityPage     - PAGE: Click contactUs button
27-02-2026 13:43:35 INFO  FormPage           - PAGE: Filling the form
27-02-2026 13:43:38 INFO  HomePage           - PAGE: Hover over explore link
27-02-2026 13:43:38 INFO  HomePage           - PAGE: Selecting Python from explore
27-02-2026 13:43:38 INFO  FormPage           - PAGE: Click submit button
27-02-2026 13:43:38 INFO  FormPage           - PAGE: Return the alert
27-02-2026 13:43:44 INFO  PythonPage         - PAGE: Click the first course
27-02-2026 13:43:44 INFO  PythonPage         - PAGE: Switching tab after clicking first Python course
27-02-2026 13:43:44 INFO  PythonPage         - PAGE: Printing the level of the course in console
27-02-2026 13:43:49 INFO  HomePage           - PAGE: Hover over explore link
27-02-2026 13:43:49 INFO  HomePage           - PAGE: Selecting Python from explore
27-02-2026 13:43:55 INFO  PythonPage         - PAGE: Click the first course
27-02-2026 13:43:55 INFO  PythonPage         - PAGE: Switching tab after clicking first Python course
27-02-2026 13:43:56 INFO  PythonPage         - PAGE: Printing the level of the course in console
