23-02-2026 14:33:41 INFO  HomePage           - PAGE: Searching for: Selenium
23-02-2026 14:33:57 INFO  SearchResultPage   - PAGE: Printing the first course title in the console
23-02-2026 14:34:11 INFO  HomePage           - PAGE: Searching for: java
23-02-2026 14:34:15 INFO  SearchResultPage   - PAGE: Printing the first course title in the console
23-02-2026 14:34:24 INFO  HomePage           - PAGE: Searching for: Automation
23-02-2026 14:34:27 INFO  SearchResultPage   - PAGE: Printing the first course title in the console
23-02-2026 14:34:36 INFO  HomePage           - PAGE: Navigating to forUniversities page
23-02-2026 14:34:44 INFO  UniversityPage     - PAGE: Click contactUs button
23-02-2026 14:34:56 INFO  HomePage           - PAGE: Navigating to forUniversities page
23-02-2026 14:35:02 INFO  UniversityPage     - PAGE: Click contactUs button
23-02-2026 14:35:14 INFO  HomePage           - PAGE: Navigating to forUniversities page
23-02-2026 14:35:19 INFO  UniversityPage     - PAGE: Click contactUs button
23-02-2026 14:35:32 INFO  HomePage           - PAGE: Navigating to forUniversities page
23-02-2026 14:35:37 INFO  UniversityPage     - PAGE: Click contactUs button
23-02-2026 14:35:49 INFO  HomePage           - PAGE: Navigating to forUniversities page
23-02-2026 14:35:54 INFO  UniversityPage     - PAGE: Click contactUs button
23-02-2026 14:36:06 INFO  HomePage           - PAGE: Hover over explore link
23-02-2026 14:36:06 INFO  HomePage           - PAGE: Selecting Python from explore
23-02-2026 14:36:10 INFO  PythonPage         - PAGE: Click the first course
23-02-2026 14:36:10 INFO  PythonPage         - PAGE: Switching tab after clicking first Python course
23-02-2026 14:36:10 INFO  PythonPage         - PAGE: Printing the level of the course in console
