27-02-2026 11:56:24 INFO  HomePage           - PAGE: Searching for: Selenium
27-02-2026 11:56:27 INFO  SearchResultPage   - PAGE: Printing the first course title in the console
27-02-2026 11:56:27 INFO  SearchResultPage   - PAGE: Printing the first course title in the console
27-02-2026 11:56:36 INFO  HomePage           - PAGE: Searching for: java
27-02-2026 11:56:37 INFO  HomePage           - PAGE: Searching for: java
27-02-2026 11:56:42 INFO  SearchResultPage   - PAGE: Printing the first course title in the console
27-02-2026 11:56:42 INFO  SearchResultPage   - PAGE: Printing the first course title in the console
27-02-2026 11:56:52 INFO  HomePage           - PAGE: Searching for: Cucumber
27-02-2026 11:56:53 INFO  HomePage           - PAGE: Searching for: Cucumber
27-02-2026 11:56:57 INFO  SearchResultPage   - PAGE: Printing the first course title in the console
27-02-2026 11:56:59 INFO  SearchResultPage   - PAGE: Printing the first course title in the console
27-02-2026 11:57:08 INFO  HomePage           - PAGE: Navigating to forUniversities page
27-02-2026 11:57:09 INFO  HomePage           - PAGE: Navigating to forUniversities page
27-02-2026 11:57:17 INFO  UniversityPage     - PAGE: Click contactUs button
27-02-2026 11:57:17 INFO  UniversityPage     - PAGE: Click contactUs button
27-02-2026 11:57:22 INFO  FormPage           - PAGE: Filling the form
27-02-2026 11:57:23 INFO  FormPage           - PAGE: Filling the form
27-02-2026 11:57:25 INFO  FormPage           - PAGE: Click submit button
27-02-2026 11:57:25 INFO  FormPage           - PAGE: Return the alert
27-02-2026 11:57:26 INFO  FormPage           - PAGE: Click submit button
27-02-2026 11:57:26 INFO  FormPage           - PAGE: Return the alert
27-02-2026 11:57:37 INFO  HomePage           - PAGE: Navigating to forUniversities page
27-02-2026 11:57:37 INFO  HomePage           - PAGE: Navigating to forUniversities page
27-02-2026 11:57:47 INFO  UniversityPage     - PAGE: Click contactUs button
27-02-2026 11:57:47 INFO  UniversityPage     - PAGE: Click contactUs button
27-02-2026 11:57:51 INFO  FormPage           - PAGE: Filling the form
27-02-2026 11:57:53 INFO  FormPage           - PAGE: Filling the form
27-02-2026 11:57:53 INFO  FormPage           - PAGE: Click submit button
27-02-2026 11:57:53 INFO  FormPage           - PAGE: Return the alert
27-02-2026 11:57:55 INFO  FormPage           - PAGE: Click submit button
27-02-2026 11:57:55 INFO  FormPage           - PAGE: Return the alert
27-02-2026 11:58:04 INFO  HomePage           - PAGE: Navigating to forUniversities page
27-02-2026 11:58:08 INFO  HomePage           - PAGE: Navigating to forUniversities page
27-02-2026 11:58:15 INFO  UniversityPage     - PAGE: Click contactUs button
27-02-2026 11:58:18 INFO  UniversityPage     - PAGE: Click contactUs button
27-02-2026 11:58:20 INFO  FormPage           - PAGE: Filling the form
27-02-2026 11:58:22 INFO  FormPage           - PAGE: Filling the form
27-02-2026 11:58:22 INFO  FormPage           - PAGE: Click submit button
27-02-2026 11:58:23 INFO  FormPage           - PAGE: Return the alert
27-02-2026 11:58:24 INFO  FormPage           - PAGE: Click submit button
27-02-2026 11:58:24 INFO  FormPage           - PAGE: Return the alert
27-02-2026 11:58:34 INFO  HomePage           - PAGE: Navigating to forUniversities page
27-02-2026 11:58:35 INFO  HomePage           - PAGE: Navigating to forUniversities page
27-02-2026 11:58:43 INFO  UniversityPage     - PAGE: Click contactUs button
27-02-2026 11:58:44 INFO  UniversityPage     - PAGE: Click contactUs button
27-02-2026 11:58:46 INFO  FormPage           - PAGE: Filling the form
27-02-2026 11:58:49 INFO  FormPage           - PAGE: Click submit button
27-02-2026 11:58:49 INFO  FormPage           - PAGE: Return the alert
27-02-2026 11:58:50 INFO  FormPage           - PAGE: Filling the form
27-02-2026 11:58:52 INFO  FormPage           - PAGE: Click submit button
27-02-2026 11:58:52 INFO  FormPage           - PAGE: Return the alert
27-02-2026 11:58:59 INFO  HomePage           - PAGE: Navigating to forUniversities page
27-02-2026 11:59:07 INFO  HomePage           - PAGE: Navigating to forUniversities page
27-02-2026 11:59:09 INFO  UniversityPage     - PAGE: Click contactUs button
27-02-2026 11:59:13 INFO  UniversityPage     - PAGE: Click contactUs button
27-02-2026 11:59:15 INFO  FormPage           - PAGE: Filling the form
27-02-2026 11:59:16 INFO  FormPage           - PAGE: Filling the form
27-02-2026 11:59:18 INFO  FormPage           - PAGE: Click submit button
27-02-2026 11:59:18 INFO  FormPage           - PAGE: Click submit button
27-02-2026 11:59:18 INFO  FormPage           - PAGE: Return the alert
27-02-2026 11:59:18 INFO  FormPage           - PAGE: Return the alert
27-02-2026 11:59:30 INFO  HomePage           - PAGE: Hover over explore link
27-02-2026 11:59:30 INFO  HomePage           - PAGE: Selecting Python from explore
27-02-2026 11:59:31 INFO  HomePage           - PAGE: Hover over explore link
27-02-2026 11:59:31 INFO  HomePage           - PAGE: Selecting Python from explore
27-02-2026 11:59:34 INFO  PythonPage         - PAGE: Click the first course
27-02-2026 11:59:34 INFO  PythonPage         - PAGE: Switching tab after clicking first Python course
27-02-2026 11:59:34 INFO  PythonPage         - PAGE: Printing the level of the course in console
27-02-2026 11:59:36 INFO  PythonPage         - PAGE: Click the first course
27-02-2026 11:59:37 INFO  PythonPage         - PAGE: Switching tab after clicking first Python course
27-02-2026 11:59:37 INFO  PythonPage         - PAGE: Printing the level of the course in console
