24-02-2026 14:24:01 INFO  HomePage           - PAGE: Searching for: Selenium
24-02-2026 14:24:06 INFO  SearchResultPage   - PAGE: Printing the first course title in the console
24-02-2026 14:24:06 INFO  SearchResultPage   - PAGE: Printing the first course title in the console
24-02-2026 14:24:14 INFO  HomePage           - PAGE: Searching for: java
24-02-2026 14:24:15 INFO  HomePage           - PAGE: Searching for: java
24-02-2026 14:24:19 INFO  SearchResultPage   - PAGE: Printing the first course title in the console
24-02-2026 14:24:20 INFO  SearchResultPage   - PAGE: Printing the first course title in the console
24-02-2026 14:24:27 INFO  HomePage           - PAGE: Searching for: Automation
24-02-2026 14:24:30 INFO  HomePage           - PAGE: Searching for: Automation
24-02-2026 14:24:33 INFO  SearchResultPage   - PAGE: Printing the first course title in the console
24-02-2026 14:24:34 INFO  SearchResultPage   - PAGE: Printing the first course title in the console
24-02-2026 14:24:41 INFO  HomePage           - PAGE: Navigating to forUniversities page
24-02-2026 14:24:43 INFO  HomePage           - PAGE: Navigating to forUniversities page
24-02-2026 14:24:51 INFO  UniversityPage     - PAGE: Click contactUs button
24-02-2026 14:24:54 INFO  UniversityPage     - PAGE: Click contactUs button
24-02-2026 14:24:56 INFO  FormPage           - PAGE: Filling the form
24-02-2026 14:24:57 INFO  FormPage           - PAGE: Filling the form
24-02-2026 14:24:59 INFO  FormPage           - PAGE: Click submit button
24-02-2026 14:24:59 INFO  FormPage           - PAGE: Return the alert
24-02-2026 14:24:59 INFO  FormPage           - PAGE: Click submit button
24-02-2026 14:24:59 INFO  FormPage           - PAGE: Return the alert
24-02-2026 14:25:20 INFO  HomePage           - PAGE: Navigating to forUniversities page
24-02-2026 14:25:21 INFO  HomePage           - PAGE: Navigating to forUniversities page
24-02-2026 14:25:27 INFO  UniversityPage     - PAGE: Click contactUs button
24-02-2026 14:25:28 INFO  UniversityPage     - PAGE: Click contactUs button
24-02-2026 14:25:30 INFO  FormPage           - PAGE: Filling the form
24-02-2026 14:25:32 INFO  FormPage           - PAGE: Filling the form
24-02-2026 14:25:32 INFO  FormPage           - PAGE: Click submit button
24-02-2026 14:25:32 INFO  FormPage           - PAGE: Return the alert
24-02-2026 14:25:34 INFO  FormPage           - PAGE: Click submit button
24-02-2026 14:25:34 INFO  FormPage           - PAGE: Return the alert
24-02-2026 14:25:53 INFO  HomePage           - PAGE: Navigating to forUniversities page
24-02-2026 14:25:56 INFO  HomePage           - PAGE: Navigating to forUniversities page
24-02-2026 14:26:02 INFO  UniversityPage     - PAGE: Click contactUs button
24-02-2026 14:26:06 INFO  FormPage           - PAGE: Filling the form
24-02-2026 14:26:07 INFO  FormPage           - PAGE: Click submit button
24-02-2026 14:26:07 INFO  FormPage           - PAGE: Return the alert
24-02-2026 14:26:12 INFO  UniversityPage     - PAGE: Click contactUs button
24-02-2026 14:26:16 INFO  FormPage           - PAGE: Filling the form
24-02-2026 14:26:18 INFO  HomePage           - PAGE: Navigating to forUniversities page
24-02-2026 14:26:19 INFO  FormPage           - PAGE: Click submit button
24-02-2026 14:26:19 INFO  FormPage           - PAGE: Return the alert
24-02-2026 14:26:24 INFO  UniversityPage     - PAGE: Click contactUs button
24-02-2026 14:26:29 INFO  FormPage           - PAGE: Filling the form
24-02-2026 14:26:31 INFO  FormPage           - PAGE: Click submit button
24-02-2026 14:26:31 INFO  FormPage           - PAGE: Return the alert
24-02-2026 14:26:41 INFO  HomePage           - PAGE: Navigating to forUniversities page
24-02-2026 14:26:42 INFO  HomePage           - PAGE: Navigating to forUniversities page
24-02-2026 14:26:51 INFO  UniversityPage     - PAGE: Click contactUs button
24-02-2026 14:26:51 INFO  UniversityPage     - PAGE: Click contactUs button
24-02-2026 14:26:54 INFO  FormPage           - PAGE: Filling the form
24-02-2026 14:26:56 INFO  FormPage           - PAGE: Click submit button
24-02-2026 14:26:56 INFO  FormPage           - PAGE: Return the alert
24-02-2026 14:26:58 INFO  FormPage           - PAGE: Filling the form
24-02-2026 14:27:00 INFO  FormPage           - PAGE: Click submit button
24-02-2026 14:27:00 INFO  FormPage           - PAGE: Return the alert
24-02-2026 14:27:06 INFO  HomePage           - PAGE: Hover over explore link
24-02-2026 14:27:06 INFO  HomePage           - PAGE: Selecting Python from explore
24-02-2026 14:27:11 INFO  PythonPage         - PAGE: Click the first course
24-02-2026 14:27:11 INFO  PythonPage         - PAGE: Switching tab after clicking first Python course
24-02-2026 14:27:11 INFO  PythonPage         - PAGE: Printing the level of the course in console
24-02-2026 14:27:12 INFO  HomePage           - PAGE: Navigating to forUniversities page
24-02-2026 14:27:21 INFO  UniversityPage     - PAGE: Click contactUs button
24-02-2026 14:27:25 INFO  FormPage           - PAGE: Filling the form
24-02-2026 14:27:27 INFO  FormPage           - PAGE: Click submit button
24-02-2026 14:27:27 INFO  FormPage           - PAGE: Return the alert
24-02-2026 14:27:39 INFO  HomePage           - PAGE: Hover over explore link
24-02-2026 14:27:39 INFO  HomePage           - PAGE: Selecting Python from explore
24-02-2026 14:27:42 INFO  PythonPage         - PAGE: Click the first course
24-02-2026 14:27:42 INFO  PythonPage         - PAGE: Switching tab after clicking first Python course
24-02-2026 14:27:42 INFO  PythonPage         - PAGE: Printing the level of the course in console
