23-02-2026 14:58:41 INFO  HomePage           - PAGE: Searching for: Selenium
23-02-2026 14:58:47 INFO  SearchResultPage   - PAGE: Printing the first course title in the console
23-02-2026 14:58:47 INFO  SearchResultPage   - PAGE: Printing the first course title in the console
23-02-2026 14:58:56 INFO  HomePage           - PAGE: Searching for: java
23-02-2026 14:58:58 INFO  HomePage           - PAGE: Searching for: java
23-02-2026 14:59:02 INFO  SearchResultPage   - PAGE: Printing the first course title in the console
23-02-2026 14:59:03 INFO  SearchResultPage   - PAGE: Printing the first course title in the console
23-02-2026 14:59:11 INFO  HomePage           - PAGE: Searching for: Automation
23-02-2026 14:59:13 INFO  HomePage           - PAGE: Searching for: Automation
23-02-2026 14:59:17 INFO  SearchResultPage   - PAGE: Printing the first course title in the console
23-02-2026 14:59:18 INFO  SearchResultPage   - PAGE: Printing the first course title in the console
23-02-2026 14:59:26 INFO  HomePage           - PAGE: Navigating to forUniversities page
23-02-2026 14:59:27 INFO  HomePage           - PAGE: Navigating to forUniversities page
23-02-2026 14:59:35 INFO  UniversityPage     - PAGE: Click contactUs button
23-02-2026 14:59:36 INFO  UniversityPage     - PAGE: Click contactUs button
23-02-2026 14:59:40 INFO  FormPage           - PAGE: Filling the form
23-02-2026 14:59:41 INFO  FormPage           - PAGE: Filling the form
23-02-2026 14:59:42 INFO  FormPage           - PAGE: Click submit button
23-02-2026 14:59:42 INFO  FormPage           - PAGE: Return the alert
23-02-2026 14:59:44 INFO  FormPage           - PAGE: Click submit button
23-02-2026 14:59:44 INFO  FormPage           - PAGE: Return the alert
23-02-2026 15:00:02 INFO  HomePage           - PAGE: Navigating to forUniversities page
23-02-2026 15:00:07 INFO  HomePage           - PAGE: Navigating to forUniversities page
23-02-2026 15:00:08 INFO  UniversityPage     - PAGE: Click contactUs button
23-02-2026 15:00:14 INFO  UniversityPage     - PAGE: Click contactUs button
23-02-2026 15:00:14 INFO  FormPage           - PAGE: Filling the form
23-02-2026 15:00:17 INFO  FormPage           - PAGE: Click submit button
23-02-2026 15:00:17 INFO  FormPage           - PAGE: Return the alert
23-02-2026 15:00:18 INFO  FormPage           - PAGE: Filling the form
23-02-2026 15:00:20 INFO  FormPage           - PAGE: Click submit button
23-02-2026 15:00:20 INFO  FormPage           - PAGE: Return the alert
23-02-2026 15:00:36 INFO  HomePage           - PAGE: Navigating to forUniversities page
23-02-2026 15:00:42 INFO  HomePage           - PAGE: Navigating to forUniversities page
23-02-2026 15:00:45 INFO  UniversityPage     - PAGE: Click contactUs button
23-02-2026 15:00:48 INFO  UniversityPage     - PAGE: Click contactUs button
23-02-2026 15:00:50 INFO  FormPage           - PAGE: Filling the form
23-02-2026 15:00:52 INFO  FormPage           - PAGE: Filling the form
23-02-2026 15:00:53 INFO  FormPage           - PAGE: Click submit button
23-02-2026 15:00:53 INFO  FormPage           - PAGE: Return the alert
23-02-2026 15:00:53 INFO  FormPage           - PAGE: Click submit button
23-02-2026 15:00:54 INFO  FormPage           - PAGE: Return the alert
23-02-2026 15:01:03 INFO  HomePage           - PAGE: Navigating to forUniversities page
23-02-2026 15:01:05 INFO  HomePage           - PAGE: Navigating to forUniversities page
23-02-2026 15:01:11 INFO  UniversityPage     - PAGE: Click contactUs button
23-02-2026 15:01:14 INFO  FormPage           - PAGE: Filling the form
23-02-2026 15:01:15 INFO  FormPage           - PAGE: Click submit button
23-02-2026 15:01:16 INFO  FormPage           - PAGE: Return the alert
23-02-2026 15:01:19 INFO  UniversityPage     - PAGE: Click contactUs button
23-02-2026 15:01:23 INFO  FormPage           - PAGE: Filling the form
23-02-2026 15:01:24 INFO  HomePage           - PAGE: Navigating to forUniversities page
23-02-2026 15:01:26 INFO  FormPage           - PAGE: Click submit button
23-02-2026 15:01:26 INFO  FormPage           - PAGE: Return the alert
23-02-2026 15:01:30 INFO  UniversityPage     - PAGE: Click contactUs button
23-02-2026 15:01:34 INFO  FormPage           - PAGE: Filling the form
23-02-2026 15:01:35 INFO  HomePage           - PAGE: Navigating to forUniversities page
23-02-2026 15:01:37 INFO  FormPage           - PAGE: Click submit button
23-02-2026 15:01:37 INFO  FormPage           - PAGE: Return the alert
23-02-2026 15:01:41 INFO  UniversityPage     - PAGE: Click contactUs button
23-02-2026 15:01:44 INFO  FormPage           - PAGE: Filling the form
23-02-2026 15:01:47 INFO  FormPage           - PAGE: Click submit button
23-02-2026 15:01:47 INFO  FormPage           - PAGE: Return the alert
23-02-2026 15:01:48 INFO  HomePage           - PAGE: Hover over explore link
23-02-2026 15:01:48 INFO  HomePage           - PAGE: Selecting Python from explore
23-02-2026 15:01:52 INFO  PythonPage         - PAGE: Click the first course
23-02-2026 15:01:53 INFO  PythonPage         - PAGE: Switching tab after clicking first Python course
23-02-2026 15:01:53 INFO  PythonPage         - PAGE: Printing the level of the course in console
23-02-2026 15:01:57 INFO  HomePage           - PAGE: Hover over explore link
23-02-2026 15:01:57 INFO  HomePage           - PAGE: Selecting Python from explore
23-02-2026 15:02:02 INFO  PythonPage         - PAGE: Click the first course
23-02-2026 15:02:02 INFO  PythonPage         - PAGE: Switching tab after clicking first Python course
23-02-2026 15:02:02 INFO  PythonPage         - PAGE: Printing the level of the course in console
