23-02-2026 15:21:22 INFO  HomePage           - PAGE: Navigating to forUniversities page
23-02-2026 15:21:22 INFO  HomePage           - PAGE: Navigating to forUniversities page
23-02-2026 15:21:29 INFO  UniversityPage     - PAGE: Click contactUs button
23-02-2026 15:21:29 INFO  UniversityPage     - PAGE: Click contactUs button
23-02-2026 15:21:33 INFO  FormPage           - PAGE: Filling the form
23-02-2026 15:21:34 INFO  FormPage           - PAGE: Filling the form
23-02-2026 15:21:35 INFO  FormPage           - PAGE: Click submit button
23-02-2026 15:21:35 INFO  FormPage           - PAGE: Return the alert
23-02-2026 15:21:37 INFO  FormPage           - PAGE: Click submit button
23-02-2026 15:21:37 INFO  FormPage           - PAGE: Return the alert
23-02-2026 15:21:57 INFO  HomePage           - PAGE: Navigating to forUniversities page
23-02-2026 15:21:57 INFO  HomePage           - PAGE: Navigating to forUniversities page
23-02-2026 15:22:02 INFO  UniversityPage     - PAGE: Click contactUs button
23-02-2026 15:22:06 INFO  UniversityPage     - PAGE: Click contactUs button
23-02-2026 15:22:06 INFO  FormPage           - PAGE: Filling the form
23-02-2026 15:22:08 INFO  FormPage           - PAGE: Click submit button
23-02-2026 15:22:08 INFO  FormPage           - PAGE: Return the alert
23-02-2026 15:22:10 INFO  FormPage           - PAGE: Filling the form
23-02-2026 15:22:13 INFO  FormPage           - PAGE: Click submit button
23-02-2026 15:22:13 INFO  FormPage           - PAGE: Return the alert
23-02-2026 15:22:29 INFO  HomePage           - PAGE: Navigating to forUniversities page
23-02-2026 15:22:34 INFO  HomePage           - PAGE: Navigating to forUniversities page
23-02-2026 15:22:35 INFO  UniversityPage     - PAGE: Click contactUs button
23-02-2026 15:22:39 INFO  UniversityPage     - PAGE: Click contactUs button
23-02-2026 15:22:40 INFO  FormPage           - PAGE: Filling the form
23-02-2026 15:22:42 INFO  FormPage           - PAGE: Click submit button
23-02-2026 15:22:42 INFO  FormPage           - PAGE: Return the alert
23-02-2026 15:22:43 INFO  FormPage           - PAGE: Filling the form
23-02-2026 15:22:45 INFO  FormPage           - PAGE: Click submit button
23-02-2026 15:22:45 INFO  FormPage           - PAGE: Return the alert
23-02-2026 15:22:50 INFO  HomePage           - PAGE: Navigating to forUniversities page
23-02-2026 15:22:54 INFO  HomePage           - PAGE: Navigating to forUniversities page
23-02-2026 15:22:59 INFO  UniversityPage     - PAGE: Click contactUs button
23-02-2026 15:23:00 INFO  UniversityPage     - PAGE: Click contactUs button
23-02-2026 15:23:02 INFO  FormPage           - PAGE: Filling the form
23-02-2026 15:23:03 INFO  FormPage           - PAGE: Filling the form
23-02-2026 15:23:04 INFO  FormPage           - PAGE: Click submit button
23-02-2026 15:23:04 INFO  FormPage           - PAGE: Return the alert
23-02-2026 15:23:05 INFO  FormPage           - PAGE: Click submit button
23-02-2026 15:23:05 INFO  FormPage           - PAGE: Return the alert
23-02-2026 15:23:14 INFO  HomePage           - PAGE: Navigating to forUniversities page
23-02-2026 15:23:15 INFO  HomePage           - PAGE: Navigating to forUniversities page
23-02-2026 15:23:21 INFO  UniversityPage     - PAGE: Click contactUs button
23-02-2026 15:23:24 INFO  FormPage           - PAGE: Filling the form
23-02-2026 15:23:25 INFO  FormPage           - PAGE: Click submit button
23-02-2026 15:23:26 INFO  FormPage           - PAGE: Return the alert
23-02-2026 15:23:29 INFO  UniversityPage     - PAGE: Click contactUs button
23-02-2026 15:23:32 INFO  FormPage           - PAGE: Filling the form
23-02-2026 15:23:33 INFO  FormPage           - PAGE: Click submit button
23-02-2026 15:23:33 INFO  FormPage           - PAGE: Return the alert
