23-02-2026 14:36:41 INFO  HomePage           - PAGE: Searching for: Selenium
23-02-2026 14:36:45 INFO  SearchResultPage   - PAGE: Printing the first course title in the console
23-02-2026 14:36:54 INFO  HomePage           - PAGE: Searching for: java
23-02-2026 14:36:57 INFO  SearchResultPage   - PAGE: Printing the first course title in the console
23-02-2026 14:37:05 INFO  HomePage           - PAGE: Searching for: Automation
23-02-2026 14:37:09 INFO  SearchResultPage   - PAGE: Printing the first course title in the console
23-02-2026 14:37:17 INFO  HomePage           - PAGE: Navigating to forUniversities page
23-02-2026 14:37:25 INFO  UniversityPage     - PAGE: Click contactUs button
23-02-2026 14:37:37 INFO  HomePage           - PAGE: Navigating to forUniversities page
23-02-2026 14:37:42 INFO  UniversityPage     - PAGE: Click contactUs button
23-02-2026 14:37:54 INFO  HomePage           - PAGE: Navigating to forUniversities page
23-02-2026 14:38:03 INFO  UniversityPage     - PAGE: Click contactUs button
23-02-2026 14:38:16 INFO  HomePage           - PAGE: Navigating to forUniversities page
23-02-2026 14:38:24 INFO  UniversityPage     - PAGE: Click contactUs button
23-02-2026 14:38:36 INFO  HomePage           - PAGE: Navigating to forUniversities page
23-02-2026 14:38:41 INFO  UniversityPage     - PAGE: Click contactUs button
23-02-2026 14:38:53 INFO  HomePage           - PAGE: Hover over explore link
23-02-2026 14:38:53 INFO  HomePage           - PAGE: Selecting Python from explore
23-02-2026 14:38:56 INFO  PythonPage         - PAGE: Click the first course
23-02-2026 14:38:57 INFO  PythonPage         - PAGE: Switching tab after clicking first Python course
23-02-2026 14:38:57 INFO  PythonPage         - PAGE: Printing the level of the course in console
