27-02-2026 13:13:32 INFO  HomePage           - PAGE: Searching for: Selenium
27-02-2026 13:13:36 INFO  SearchResultPage   - PAGE: Printing the first course title in the console
27-02-2026 13:13:38 INFO  SearchResultPage   - PAGE: Printing the first course title in the console
27-02-2026 13:13:48 INFO  HomePage           - PAGE: Searching for: java
27-02-2026 13:13:52 INFO  SearchResultPage   - PAGE: Printing the first course title in the console
27-02-2026 13:13:53 INFO  HomePage           - PAGE: Searching for: java
27-02-2026 13:13:57 INFO  SearchResultPage   - PAGE: Printing the first course title in the console
27-02-2026 13:14:00 INFO  HomePage           - PAGE: Searching for: Cucumber
27-02-2026 13:14:04 INFO  SearchResultPage   - PAGE: Printing the first course title in the console
27-02-2026 13:14:06 INFO  HomePage           - PAGE: Searching for: Cucumber
27-02-2026 13:14:11 INFO  SearchResultPage   - PAGE: Printing the first course title in the console
27-02-2026 13:14:13 INFO  HomePage           - PAGE: Navigating to forUniversities page
27-02-2026 13:14:20 INFO  UniversityPage     - PAGE: Click contactUs button
27-02-2026 13:14:21 INFO  HomePage           - PAGE: Navigating to forUniversities page
27-02-2026 13:14:27 INFO  FormPage           - PAGE: Filling the form
27-02-2026 13:14:28 INFO  UniversityPage     - PAGE: Click contactUs button
27-02-2026 13:14:31 INFO  FormPage           - PAGE: Click submit button
27-02-2026 13:14:31 INFO  FormPage           - PAGE: Return the alert
27-02-2026 13:14:32 INFO  FormPage           - PAGE: Filling the form
27-02-2026 13:14:34 INFO  FormPage           - PAGE: Click submit button
27-02-2026 13:14:34 INFO  FormPage           - PAGE: Return the alert
27-02-2026 13:14:42 INFO  HomePage           - PAGE: Navigating to forUniversities page
27-02-2026 13:14:45 INFO  HomePage           - PAGE: Navigating to forUniversities page
27-02-2026 13:14:52 INFO  UniversityPage     - PAGE: Click contactUs button
27-02-2026 13:14:53 INFO  UniversityPage     - PAGE: Click contactUs button
27-02-2026 13:14:56 INFO  FormPage           - PAGE: Filling the form
27-02-2026 13:14:59 INFO  FormPage           - PAGE: Click submit button
27-02-2026 13:14:59 INFO  FormPage           - PAGE: Return the alert
27-02-2026 13:15:00 INFO  FormPage           - PAGE: Filling the form
27-02-2026 13:15:02 INFO  FormPage           - PAGE: Click submit button
27-02-2026 13:15:02 INFO  FormPage           - PAGE: Return the alert
27-02-2026 13:15:09 INFO  HomePage           - PAGE: Navigating to forUniversities page
27-02-2026 13:15:13 INFO  HomePage           - PAGE: Navigating to forUniversities page
27-02-2026 13:15:21 INFO  UniversityPage     - PAGE: Click contactUs button
27-02-2026 13:15:31 INFO  FormPage           - PAGE: Filling the form
27-02-2026 13:15:32 INFO  UniversityPage     - PAGE: Click contactUs button
27-02-2026 13:15:34 INFO  FormPage           - PAGE: Click submit button
27-02-2026 13:15:34 INFO  FormPage           - PAGE: Return the alert
27-02-2026 13:15:42 INFO  FormPage           - PAGE: Filling the form
27-02-2026 13:15:45 INFO  FormPage           - PAGE: Click submit button
27-02-2026 13:15:45 INFO  FormPage           - PAGE: Return the alert
27-02-2026 13:15:47 INFO  HomePage           - PAGE: Navigating to forUniversities page
27-02-2026 13:15:56 INFO  UniversityPage     - PAGE: Click contactUs button
27-02-2026 13:15:58 INFO  HomePage           - PAGE: Navigating to forUniversities page
27-02-2026 13:16:05 INFO  FormPage           - PAGE: Filling the form
27-02-2026 13:16:09 INFO  FormPage           - PAGE: Click submit button
27-02-2026 13:16:09 INFO  FormPage           - PAGE: Return the alert
27-02-2026 13:16:12 INFO  UniversityPage     - PAGE: Click contactUs button
27-02-2026 13:16:15 INFO  FormPage           - PAGE: Filling the form
27-02-2026 13:16:19 INFO  FormPage           - PAGE: Click submit button
27-02-2026 13:16:19 INFO  FormPage           - PAGE: Return the alert
27-02-2026 13:16:20 INFO  HomePage           - PAGE: Navigating to forUniversities page
27-02-2026 13:16:30 INFO  UniversityPage     - PAGE: Click contactUs button
27-02-2026 13:16:31 INFO  HomePage           - PAGE: Navigating to forUniversities page
27-02-2026 13:16:37 INFO  FormPage           - PAGE: Filling the form
27-02-2026 13:16:40 INFO  FormPage           - PAGE: Click submit button
27-02-2026 13:16:40 INFO  FormPage           - PAGE: Return the alert
27-02-2026 13:16:41 INFO  UniversityPage     - PAGE: Click contactUs button
27-02-2026 13:16:45 INFO  FormPage           - PAGE: Filling the form
27-02-2026 13:16:47 INFO  FormPage           - PAGE: Click submit button
27-02-2026 13:16:47 INFO  FormPage           - PAGE: Return the alert
27-02-2026 13:16:51 INFO  HomePage           - PAGE: Hover over explore link
27-02-2026 13:16:51 INFO  HomePage           - PAGE: Selecting Python from explore
27-02-2026 13:16:55 INFO  PythonPage         - PAGE: Click the first course
27-02-2026 13:16:56 INFO  PythonPage         - PAGE: Switching tab after clicking first Python course
27-02-2026 13:16:56 INFO  PythonPage         - PAGE: Printing the level of the course in console
27-02-2026 13:17:02 INFO  HomePage           - PAGE: Hover over explore link
27-02-2026 13:17:02 INFO  HomePage           - PAGE: Selecting Python from explore
27-02-2026 13:17:04 INFO  PythonPage         - PAGE: Click the first course
27-02-2026 13:17:05 INFO  PythonPage         - PAGE: Switching tab after clicking first Python course
27-02-2026 13:17:05 INFO  PythonPage         - PAGE: Printing the level of the course in console
