23-02-2026 15:27:01 INFO  HomePage           - PAGE: Navigating to forUniversities page
23-02-2026 15:27:07 INFO  UniversityPage     - PAGE: Click contactUs button
23-02-2026 15:27:08 INFO  UniversityPage     - PAGE: Click contactUs button
23-02-2026 15:27:12 INFO  FormPage           - PAGE: Filling the form
23-02-2026 15:27:13 INFO  FormPage           - PAGE: Filling the form
23-02-2026 15:27:14 INFO  FormPage           - PAGE: Click submit button
23-02-2026 15:27:14 INFO  FormPage           - PAGE: Return the alert
23-02-2026 15:27:15 INFO  FormPage           - PAGE: Click submit button
23-02-2026 15:27:15 INFO  FormPage           - PAGE: Return the alert
23-02-2026 15:27:34 INFO  HomePage           - PAGE: Navigating to forUniversities page
23-02-2026 15:27:35 INFO  HomePage           - PAGE: Navigating to forUniversities page
23-02-2026 15:27:42 INFO  UniversityPage     - PAGE: Click contactUs button
23-02-2026 15:27:43 INFO  UniversityPage     - PAGE: Click contactUs button
23-02-2026 15:27:46 INFO  FormPage           - PAGE: Filling the form
23-02-2026 15:27:46 INFO  FormPage           - PAGE: Filling the form
23-02-2026 15:27:47 INFO  FormPage           - PAGE: Click submit button
23-02-2026 15:27:47 INFO  FormPage           - PAGE: Return the alert
23-02-2026 15:27:48 INFO  FormPage           - PAGE: Click submit button
23-02-2026 15:27:48 INFO  FormPage           - PAGE: Return the alert
23-02-2026 15:28:08 INFO  HomePage           - PAGE: Navigating to forUniversities page
23-02-2026 15:28:10 INFO  HomePage           - PAGE: Navigating to forUniversities page
23-02-2026 15:28:15 INFO  UniversityPage     - PAGE: Click contactUs button
23-02-2026 15:28:17 INFO  UniversityPage     - PAGE: Click contactUs button
23-02-2026 15:28:20 INFO  FormPage           - PAGE: Filling the form
23-02-2026 15:28:21 INFO  FormPage           - PAGE: Filling the form
23-02-2026 15:28:22 INFO  FormPage           - PAGE: Click submit button
23-02-2026 15:28:23 INFO  FormPage           - PAGE: Return the alert
23-02-2026 15:28:23 INFO  FormPage           - PAGE: Click submit button
23-02-2026 15:28:23 INFO  FormPage           - PAGE: Return the alert
23-02-2026 15:28:32 INFO  HomePage           - PAGE: Navigating to forUniversities page
23-02-2026 15:28:33 INFO  HomePage           - PAGE: Navigating to forUniversities page
23-02-2026 15:28:38 INFO  UniversityPage     - PAGE: Click contactUs button
23-02-2026 15:28:39 INFO  UniversityPage     - PAGE: Click contactUs button
23-02-2026 15:28:42 INFO  FormPage           - PAGE: Filling the form
23-02-2026 15:28:44 INFO  FormPage           - PAGE: Filling the form
23-02-2026 15:28:44 INFO  FormPage           - PAGE: Click submit button
23-02-2026 15:28:44 INFO  FormPage           - PAGE: Return the alert
23-02-2026 15:28:46 INFO  FormPage           - PAGE: Click submit button
23-02-2026 15:28:46 INFO  FormPage           - PAGE: Return the alert
23-02-2026 15:28:55 INFO  HomePage           - PAGE: Navigating to forUniversities page
23-02-2026 15:28:56 INFO  HomePage           - PAGE: Navigating to forUniversities page
23-02-2026 15:29:02 INFO  UniversityPage     - PAGE: Click contactUs button
23-02-2026 15:29:02 INFO  UniversityPage     - PAGE: Click contactUs button
23-02-2026 15:29:06 INFO  FormPage           - PAGE: Filling the form
23-02-2026 15:29:07 INFO  FormPage           - PAGE: Filling the form
23-02-2026 15:29:08 INFO  FormPage           - PAGE: Click submit button
23-02-2026 15:29:08 INFO  FormPage           - PAGE: Click submit button
23-02-2026 15:29:08 INFO  FormPage           - PAGE: Return the alert
23-02-2026 15:29:08 INFO  FormPage           - PAGE: Return the alert
