27-02-2026 13:51:37 INFO  HomePage           - PAGE: Searching for: Selenium
27-02-2026 13:51:42 INFO  SearchResultPage   - PAGE: Printing the first course title in the console
27-02-2026 13:51:43 INFO  SearchResultPage   - PAGE: Printing the first course title in the console
27-02-2026 13:51:53 INFO  HomePage           - PAGE: Searching for: java
27-02-2026 13:51:57 INFO  SearchResultPage   - PAGE: Printing the first course title in the console
27-02-2026 13:51:57 INFO  HomePage           - PAGE: Searching for: java
27-02-2026 13:52:02 INFO  SearchResultPage   - PAGE: Printing the first course title in the console
27-02-2026 13:52:06 INFO  HomePage           - PAGE: Searching for: Cucumber
27-02-2026 13:52:11 INFO  HomePage           - PAGE: Searching for: Cucumber
27-02-2026 13:52:12 INFO  SearchResultPage   - PAGE: Printing the first course title in the console
27-02-2026 13:52:15 INFO  SearchResultPage   - PAGE: Printing the first course title in the console
27-02-2026 13:52:21 INFO  HomePage           - PAGE: Navigating to forUniversities page
27-02-2026 13:52:28 INFO  HomePage           - PAGE: Navigating to forUniversities page
27-02-2026 13:52:30 INFO  UniversityPage     - PAGE: Click contactUs button
27-02-2026 13:52:35 INFO  UniversityPage     - PAGE: Click contactUs button
27-02-2026 13:52:36 INFO  FormPage           - PAGE: Filling the form
27-02-2026 13:52:38 INFO  FormPage           - PAGE: Filling the form
27-02-2026 13:52:40 INFO  FormPage           - PAGE: Click submit button
27-02-2026 13:52:41 INFO  FormPage           - PAGE: Return the alert
27-02-2026 13:52:41 INFO  FormPage           - PAGE: Click submit button
27-02-2026 13:52:41 INFO  FormPage           - PAGE: Return the alert
27-02-2026 13:52:53 INFO  HomePage           - PAGE: Navigating to forUniversities page
27-02-2026 13:52:54 INFO  HomePage           - PAGE: Navigating to forUniversities page
27-02-2026 13:53:03 INFO  UniversityPage     - PAGE: Click contactUs button
27-02-2026 13:53:04 INFO  UniversityPage     - PAGE: Click contactUs button
27-02-2026 13:53:07 INFO  FormPage           - PAGE: Filling the form
27-02-2026 13:53:10 INFO  FormPage           - PAGE: Click submit button
27-02-2026 13:53:10 INFO  FormPage           - PAGE: Return the alert
27-02-2026 13:53:10 INFO  FormPage           - PAGE: Filling the form
27-02-2026 13:53:12 INFO  FormPage           - PAGE: Click submit button
27-02-2026 13:53:13 INFO  FormPage           - PAGE: Return the alert
27-02-2026 13:53:20 INFO  HomePage           - PAGE: Navigating to forUniversities page
27-02-2026 13:53:27 INFO  HomePage           - PAGE: Navigating to forUniversities page
27-02-2026 13:53:28 INFO  UniversityPage     - PAGE: Click contactUs button
27-02-2026 13:53:33 INFO  FormPage           - PAGE: Filling the form
27-02-2026 13:53:37 INFO  UniversityPage     - PAGE: Click contactUs button
27-02-2026 13:53:37 INFO  FormPage           - PAGE: Click submit button
27-02-2026 13:53:37 INFO  FormPage           - PAGE: Return the alert
27-02-2026 13:53:40 INFO  FormPage           - PAGE: Filling the form
27-02-2026 13:53:42 INFO  FormPage           - PAGE: Click submit button
27-02-2026 13:53:43 INFO  FormPage           - PAGE: Return the alert
27-02-2026 13:53:49 INFO  HomePage           - PAGE: Navigating to forUniversities page
27-02-2026 13:53:56 INFO  HomePage           - PAGE: Navigating to forUniversities page
27-02-2026 13:54:01 INFO  UniversityPage     - PAGE: Click contactUs button
27-02-2026 13:54:02 INFO  UniversityPage     - PAGE: Click contactUs button
27-02-2026 13:54:05 INFO  FormPage           - PAGE: Filling the form
27-02-2026 13:54:06 INFO  FormPage           - PAGE: Filling the form
27-02-2026 13:54:07 INFO  FormPage           - PAGE: Click submit button
27-02-2026 13:54:07 INFO  FormPage           - PAGE: Return the alert
27-02-2026 13:54:09 INFO  FormPage           - PAGE: Click submit button
27-02-2026 13:54:09 INFO  FormPage           - PAGE: Return the alert
27-02-2026 13:54:19 INFO  HomePage           - PAGE: Navigating to forUniversities page
27-02-2026 13:54:21 INFO  HomePage           - PAGE: Navigating to forUniversities page
27-02-2026 13:54:28 INFO  UniversityPage     - PAGE: Click contactUs button
27-02-2026 13:54:29 INFO  UniversityPage     - PAGE: Click contactUs button
27-02-2026 13:54:31 INFO  FormPage           - PAGE: Filling the form
27-02-2026 13:54:33 INFO  FormPage           - PAGE: Click submit button
27-02-2026 13:54:33 INFO  FormPage           - PAGE: Return the alert
27-02-2026 13:54:35 INFO  FormPage           - PAGE: Filling the form
27-02-2026 13:54:37 INFO  FormPage           - PAGE: Click submit button
27-02-2026 13:54:37 INFO  FormPage           - PAGE: Return the alert
27-02-2026 13:54:44 INFO  HomePage           - PAGE: Hover over explore link
27-02-2026 13:54:44 INFO  HomePage           - PAGE: Selecting Python from explore
27-02-2026 13:54:48 INFO  HomePage           - PAGE: Hover over explore link
27-02-2026 13:54:48 INFO  HomePage           - PAGE: Selecting Python from explore
27-02-2026 13:54:48 INFO  PythonPage         - PAGE: Click the first course
27-02-2026 13:54:49 INFO  PythonPage         - PAGE: Switching tab after clicking first Python course
27-02-2026 13:54:49 INFO  PythonPage         - PAGE: Printing the level of the course in console
27-02-2026 13:54:54 INFO  PythonPage         - PAGE: Click the first course
27-02-2026 13:54:55 INFO  PythonPage         - PAGE: Switching tab after clicking first Python course
27-02-2026 13:54:55 INFO  PythonPage         - PAGE: Printing the level of the course in console
