24-02-2026 14:40:51 INFO  HomePage           - PAGE: Searching for: Selenium
24-02-2026 14:40:56 INFO  SearchResultPage   - PAGE: Printing the first course title in the console
24-02-2026 14:40:56 INFO  SearchResultPage   - PAGE: Printing the first course title in the console
24-02-2026 14:41:04 INFO  HomePage           - PAGE: Searching for: java
24-02-2026 14:41:05 INFO  HomePage           - PAGE: Searching for: java
24-02-2026 14:41:09 INFO  SearchResultPage   - PAGE: Printing the first course title in the console
24-02-2026 14:41:09 INFO  SearchResultPage   - PAGE: Printing the first course title in the console
24-02-2026 14:41:17 INFO  HomePage           - PAGE: Searching for: Automation
24-02-2026 14:41:18 INFO  HomePage           - PAGE: Searching for: Automation
24-02-2026 14:41:22 INFO  SearchResultPage   - PAGE: Printing the first course title in the console
24-02-2026 14:41:23 INFO  SearchResultPage   - PAGE: Printing the first course title in the console
24-02-2026 14:41:30 INFO  HomePage           - PAGE: Navigating to forUniversities page
24-02-2026 14:41:31 INFO  HomePage           - PAGE: Navigating to forUniversities page
24-02-2026 14:41:38 INFO  UniversityPage     - PAGE: Click contactUs button
24-02-2026 14:41:39 INFO  UniversityPage     - PAGE: Click contactUs button
24-02-2026 14:41:43 INFO  FormPage           - PAGE: Filling the form
24-02-2026 14:41:44 INFO  FormPage           - PAGE: Filling the form
24-02-2026 14:41:45 INFO  FormPage           - PAGE: Click submit button
24-02-2026 14:41:45 INFO  FormPage           - PAGE: Return the alert
24-02-2026 14:41:47 INFO  FormPage           - PAGE: Click submit button
24-02-2026 14:41:47 INFO  FormPage           - PAGE: Return the alert
24-02-2026 14:42:05 INFO  HomePage           - PAGE: Navigating to forUniversities page
24-02-2026 14:42:10 INFO  HomePage           - PAGE: Navigating to forUniversities page
24-02-2026 14:42:19 INFO  UniversityPage     - PAGE: Click contactUs button
24-02-2026 14:42:28 INFO  UniversityPage     - PAGE: Click contactUs button
24-02-2026 14:42:32 INFO  FormPage           - PAGE: Filling the form
24-02-2026 14:42:33 INFO  FormPage           - PAGE: Filling the form
24-02-2026 14:42:34 INFO  FormPage           - PAGE: Click submit button
24-02-2026 14:42:34 INFO  FormPage           - PAGE: Return the alert
24-02-2026 14:42:35 INFO  FormPage           - PAGE: Click submit button
24-02-2026 14:42:35 INFO  FormPage           - PAGE: Return the alert
24-02-2026 14:42:55 INFO  HomePage           - PAGE: Navigating to forUniversities page
24-02-2026 14:42:55 INFO  HomePage           - PAGE: Navigating to forUniversities page
24-02-2026 14:43:02 INFO  UniversityPage     - PAGE: Click contactUs button
24-02-2026 14:43:02 INFO  UniversityPage     - PAGE: Click contactUs button
24-02-2026 14:43:06 INFO  FormPage           - PAGE: Filling the form
24-02-2026 14:43:07 INFO  FormPage           - PAGE: Filling the form
24-02-2026 14:43:08 INFO  FormPage           - PAGE: Click submit button
24-02-2026 14:43:08 INFO  FormPage           - PAGE: Return the alert
24-02-2026 14:43:10 INFO  FormPage           - PAGE: Click submit button
24-02-2026 14:43:10 INFO  FormPage           - PAGE: Return the alert
24-02-2026 14:43:17 INFO  HomePage           - PAGE: Navigating to forUniversities page
24-02-2026 14:43:19 INFO  HomePage           - PAGE: Navigating to forUniversities page
24-02-2026 14:43:26 INFO  UniversityPage     - PAGE: Click contactUs button
24-02-2026 14:43:30 INFO  FormPage           - PAGE: Filling the form
24-02-2026 14:43:32 INFO  UniversityPage     - PAGE: Click contactUs button
24-02-2026 14:43:33 INFO  FormPage           - PAGE: Click submit button
24-02-2026 14:43:33 INFO  FormPage           - PAGE: Return the alert
24-02-2026 14:43:35 INFO  FormPage           - PAGE: Filling the form
24-02-2026 14:43:36 INFO  FormPage           - PAGE: Click submit button
24-02-2026 14:43:37 INFO  FormPage           - PAGE: Return the alert
24-02-2026 14:43:41 INFO  HomePage           - PAGE: Navigating to forUniversities page
24-02-2026 14:43:46 INFO  HomePage           - PAGE: Navigating to forUniversities page
24-02-2026 14:43:48 INFO  UniversityPage     - PAGE: Click contactUs button
24-02-2026 14:43:52 INFO  UniversityPage     - PAGE: Click contactUs button
24-02-2026 14:43:53 INFO  FormPage           - PAGE: Filling the form
24-02-2026 14:43:55 INFO  FormPage           - PAGE: Click submit button
24-02-2026 14:43:55 INFO  FormPage           - PAGE: Filling the form
24-02-2026 14:43:56 INFO  FormPage           - PAGE: Return the alert
24-02-2026 14:43:57 INFO  FormPage           - PAGE: Click submit button
24-02-2026 14:43:57 INFO  FormPage           - PAGE: Return the alert
24-02-2026 14:44:04 INFO  HomePage           - PAGE: Hover over explore link
24-02-2026 14:44:05 INFO  HomePage           - PAGE: Selecting Python from explore
24-02-2026 14:44:06 INFO  HomePage           - PAGE: Hover over explore link
24-02-2026 14:44:06 INFO  HomePage           - PAGE: Selecting Python from explore
24-02-2026 14:44:11 INFO  PythonPage         - PAGE: Click the first course
24-02-2026 14:44:11 INFO  PythonPage         - PAGE: Click the first course
24-02-2026 14:44:11 INFO  PythonPage         - PAGE: Switching tab after clicking first Python course
24-02-2026 14:44:11 INFO  PythonPage         - PAGE: Printing the level of the course in console
24-02-2026 14:44:11 INFO  PythonPage         - PAGE: Switching tab after clicking first Python course
24-02-2026 14:44:11 INFO  PythonPage         - PAGE: Printing the level of the course in console
