24-02-2026 15:05:10 INFO  HomePage           - PAGE: Searching for: Selenium
24-02-2026 15:05:17 INFO  SearchResultPage   - PAGE: Printing the first course title in the console
24-02-2026 15:05:17 INFO  SearchResultPage   - PAGE: Printing the first course title in the console
24-02-2026 15:05:27 INFO  HomePage           - PAGE: Searching for: java
24-02-2026 15:05:27 INFO  HomePage           - PAGE: Searching for: java
24-02-2026 15:05:31 INFO  SearchResultPage   - PAGE: Printing the first course title in the console
24-02-2026 15:05:32 INFO  SearchResultPage   - PAGE: Printing the first course title in the console
24-02-2026 15:05:42 INFO  HomePage           - PAGE: Searching for: Automation
24-02-2026 15:05:43 INFO  HomePage           - PAGE: Searching for: Automation
24-02-2026 15:05:47 INFO  SearchResultPage   - PAGE: Printing the first course title in the console
24-02-2026 15:05:50 INFO  SearchResultPage   - PAGE: Printing the first course title in the console
24-02-2026 15:05:58 INFO  HomePage           - PAGE: Hover over explore link
24-02-2026 15:05:59 INFO  HomePage           - PAGE: Selecting Python from explore
24-02-2026 15:06:00 INFO  HomePage           - PAGE: Hover over explore link
24-02-2026 15:06:00 INFO  HomePage           - PAGE: Selecting Python from explore
24-02-2026 15:06:03 INFO  PythonPage         - PAGE: Click the first course
24-02-2026 15:06:03 INFO  PythonPage         - PAGE: Switching tab after clicking first Python course
24-02-2026 15:06:04 INFO  PythonPage         - PAGE: Printing the level of the course in console
24-02-2026 15:06:04 INFO  PythonPage         - PAGE: Click the first course
24-02-2026 15:06:05 INFO  PythonPage         - PAGE: Switching tab after clicking first Python course
24-02-2026 15:06:05 INFO  PythonPage         - PAGE: Printing the level of the course in console
