24-02-2026 15:00:40 INFO  HomePage           - PAGE: Searching for: Selenium
24-02-2026 15:00:44 INFO  SearchResultPage   - PAGE: Printing the first course title in the console
24-02-2026 15:00:46 INFO  SearchResultPage   - PAGE: Printing the first course title in the console
24-02-2026 15:00:53 INFO  HomePage           - PAGE: Searching for: java
24-02-2026 15:00:55 INFO  HomePage           - PAGE: Searching for: java
24-02-2026 15:00:59 INFO  SearchResultPage   - PAGE: Printing the first course title in the console
24-02-2026 15:00:59 INFO  SearchResultPage   - PAGE: Printing the first course title in the console
24-02-2026 15:01:07 INFO  HomePage           - PAGE: Searching for: Automation
24-02-2026 15:01:08 INFO  HomePage           - PAGE: Searching for: Automation
24-02-2026 15:01:12 INFO  SearchResultPage   - PAGE: Printing the first course title in the console
24-02-2026 15:01:12 INFO  SearchResultPage   - PAGE: Printing the first course title in the console
24-02-2026 15:01:20 INFO  HomePage           - PAGE: Hover over explore link
24-02-2026 15:01:21 INFO  HomePage           - PAGE: Selecting Python from explore
24-02-2026 15:01:21 INFO  HomePage           - PAGE: Hover over explore link
24-02-2026 15:01:21 INFO  HomePage           - PAGE: Selecting Python from explore
24-02-2026 15:01:25 INFO  PythonPage         - PAGE: Click the first course
24-02-2026 15:01:25 INFO  PythonPage         - PAGE: Switching tab after clicking first Python course
24-02-2026 15:01:25 INFO  PythonPage         - PAGE: Printing the level of the course in console
24-02-2026 15:01:26 INFO  PythonPage         - PAGE: Click the first course
24-02-2026 15:01:26 INFO  PythonPage         - PAGE: Switching tab after clicking first Python course
24-02-2026 15:01:26 INFO  PythonPage         - PAGE: Printing the level of the course in console
