10-03-2026 15:40:29 INFO  HomePage           - PAGE: Searching for: Selenium
10-03-2026 15:40:35 INFO  SearchResultPage   - PAGE: Printing the first course title in the console
10-03-2026 15:40:35 INFO  SearchResultPage   - PAGE: Printing the first course title in the console
10-03-2026 15:40:45 INFO  HomePage           - PAGE: Searching for: java
10-03-2026 15:40:46 INFO  HomePage           - PAGE: Searching for: java
10-03-2026 15:40:50 INFO  SearchResultPage   - PAGE: Printing the first course title in the console
10-03-2026 15:40:51 INFO  SearchResultPage   - PAGE: Printing the first course title in the console
10-03-2026 15:41:01 INFO  HomePage           - PAGE: Searching for: Cucumber
10-03-2026 15:41:01 INFO  HomePage           - PAGE: Searching for: Cucumber
10-03-2026 15:41:05 INFO  SearchResultPage   - PAGE: Printing the first course title in the console
10-03-2026 15:41:06 INFO  SearchResultPage   - PAGE: Printing the first course title in the console
10-03-2026 15:41:15 INFO  HomePage           - PAGE: Navigating to forUniversities page
10-03-2026 15:41:17 INFO  HomePage           - PAGE: Navigating to forUniversities page
10-03-2026 15:41:25 INFO  UniversityPage     - PAGE: Click contactUs button
10-03-2026 15:41:25 INFO  UniversityPage     - PAGE: Click contactUs button
10-03-2026 15:41:29 INFO  FormPage           - PAGE: Filling the form
10-03-2026 15:41:30 INFO  FormPage           - PAGE: Filling the form
10-03-2026 15:41:31 INFO  FormPage           - PAGE: Click submit button
10-03-2026 15:41:32 INFO  FormPage           - PAGE: Return the alert
10-03-2026 15:41:33 INFO  FormPage           - PAGE: Click submit button
10-03-2026 15:41:33 INFO  FormPage           - PAGE: Return the alert
10-03-2026 15:41:43 INFO  HomePage           - PAGE: Navigating to forUniversities page
10-03-2026 15:41:44 INFO  HomePage           - PAGE: Navigating to forUniversities page
10-03-2026 15:41:51 INFO  UniversityPage     - PAGE: Click contactUs button
10-03-2026 15:41:55 INFO  FormPage           - PAGE: Filling the form
10-03-2026 15:41:55 INFO  UniversityPage     - PAGE: Click contactUs button
10-03-2026 15:41:57 INFO  FormPage           - PAGE: Click submit button
10-03-2026 15:41:57 INFO  FormPage           - PAGE: Return the alert
10-03-2026 15:42:00 INFO  FormPage           - PAGE: Filling the form
10-03-2026 15:42:02 INFO  FormPage           - PAGE: Click submit button
10-03-2026 15:42:02 INFO  FormPage           - PAGE: Return the alert
10-03-2026 15:42:06 INFO  HomePage           - PAGE: Navigating to forUniversities page
10-03-2026 15:42:13 INFO  HomePage           - PAGE: Navigating to forUniversities page
10-03-2026 15:42:35 INFO  UniversityPage     - PAGE: Click contactUs button
10-03-2026 15:42:36 INFO  UniversityPage     - PAGE: Click contactUs button
10-03-2026 15:42:38 INFO  FormPage           - PAGE: Filling the form
10-03-2026 15:42:40 INFO  FormPage           - PAGE: Click submit button
10-03-2026 15:42:40 INFO  FormPage           - PAGE: Return the alert
10-03-2026 15:42:41 INFO  FormPage           - PAGE: Filling the form
10-03-2026 15:42:43 INFO  FormPage           - PAGE: Click submit button
10-03-2026 15:42:43 INFO  FormPage           - PAGE: Return the alert
10-03-2026 15:42:50 INFO  HomePage           - PAGE: Navigating to forUniversities page
10-03-2026 15:42:53 INFO  HomePage           - PAGE: Navigating to forUniversities page
10-03-2026 15:42:59 INFO  UniversityPage     - PAGE: Click contactUs button
10-03-2026 15:43:00 INFO  UniversityPage     - PAGE: Click contactUs button
10-03-2026 15:43:03 INFO  FormPage           - PAGE: Filling the form
10-03-2026 15:43:05 INFO  FormPage           - PAGE: Click submit button
10-03-2026 15:43:06 INFO  FormPage           - PAGE: Return the alert
10-03-2026 15:43:16 INFO  HomePage           - PAGE: Navigating to forUniversities page
10-03-2026 15:43:17 INFO  HomePage           - PAGE: Navigating to forUniversities page
10-03-2026 15:43:23 INFO  UniversityPage     - PAGE: Click contactUs button
10-03-2026 15:43:25 INFO  UniversityPage     - PAGE: Click contactUs button
10-03-2026 15:43:26 INFO  FormPage           - PAGE: Filling the form
10-03-2026 15:43:29 INFO  FormPage           - PAGE: Click submit button
10-03-2026 15:43:29 INFO  FormPage           - PAGE: Return the alert
10-03-2026 15:43:30 INFO  FormPage           - PAGE: Filling the form
10-03-2026 15:43:32 INFO  FormPage           - PAGE: Click submit button
10-03-2026 15:43:32 INFO  FormPage           - PAGE: Return the alert
10-03-2026 15:43:38 INFO  HomePage           - PAGE: Hover over explore link
10-03-2026 15:43:39 INFO  HomePage           - PAGE: Selecting Python from explore
10-03-2026 15:43:42 INFO  HomePage           - PAGE: Hover over explore link
10-03-2026 15:43:42 INFO  HomePage           - PAGE: Selecting Python from explore
10-03-2026 15:43:55 INFO  PythonPage         - PAGE: Click the first course
10-03-2026 15:43:55 INFO  PythonPage         - PAGE: Switching tab after clicking first Python course
10-03-2026 15:43:55 INFO  PythonPage         - PAGE: Printing the level of the course in console
