26-02-2026 16:14:39 INFO  HomePage           - PAGE: Searching for: Selenium
26-02-2026 16:14:43 INFO  SearchResultPage   - PAGE: Printing the first course title in the console
26-02-2026 16:14:43 INFO  SearchResultPage   - PAGE: Printing the first course title in the console
26-02-2026 16:14:54 INFO  HomePage           - PAGE: Searching for: java
26-02-2026 16:14:56 INFO  HomePage           - PAGE: Searching for: java
26-02-2026 16:15:02 INFO  SearchResultPage   - PAGE: Printing the first course title in the console
26-02-2026 16:15:03 INFO  SearchResultPage   - PAGE: Printing the first course title in the console
26-02-2026 16:15:17 INFO  HomePage           - PAGE: Searching for: Cucumber
26-02-2026 16:15:21 INFO  HomePage           - PAGE: Searching for: Cucumber
26-02-2026 16:15:22 INFO  SearchResultPage   - PAGE: Printing the first course title in the console
26-02-2026 16:15:25 INFO  SearchResultPage   - PAGE: Printing the first course title in the console
26-02-2026 16:15:38 INFO  HomePage           - PAGE: Navigating to forUniversities page
26-02-2026 16:15:38 INFO  HomePage           - PAGE: Navigating to forUniversities page
26-02-2026 16:15:49 INFO  UniversityPage     - PAGE: Click contactUs button
26-02-2026 16:15:55 INFO  FormPage           - PAGE: Filling the form
26-02-2026 16:15:55 INFO  UniversityPage     - PAGE: Click contactUs button
26-02-2026 16:16:00 INFO  FormPage           - PAGE: Click submit button
26-02-2026 16:16:00 INFO  FormPage           - PAGE: Return the alert
26-02-2026 16:16:03 INFO  FormPage           - PAGE: Filling the form
26-02-2026 16:16:07 INFO  FormPage           - PAGE: Click submit button
26-02-2026 16:16:07 INFO  FormPage           - PAGE: Return the alert
26-02-2026 16:16:19 INFO  HomePage           - PAGE: Navigating to forUniversities page
26-02-2026 16:16:25 INFO  HomePage           - PAGE: Navigating to forUniversities page
26-02-2026 16:16:30 INFO  UniversityPage     - PAGE: Click contactUs button
26-02-2026 16:16:32 INFO  UniversityPage     - PAGE: Click contactUs button
26-02-2026 16:16:37 INFO  FormPage           - PAGE: Filling the form
26-02-2026 16:16:38 INFO  FormPage           - PAGE: Filling the form
26-02-2026 16:16:41 INFO  FormPage           - PAGE: Click submit button
26-02-2026 16:16:41 INFO  FormPage           - PAGE: Return the alert
26-02-2026 16:16:43 INFO  FormPage           - PAGE: Click submit button
26-02-2026 16:16:43 INFO  FormPage           - PAGE: Return the alert
26-02-2026 16:16:56 INFO  HomePage           - PAGE: Navigating to forUniversities page
26-02-2026 16:16:57 INFO  HomePage           - PAGE: Navigating to forUniversities page
26-02-2026 16:17:07 INFO  UniversityPage     - PAGE: Click contactUs button
26-02-2026 16:17:08 INFO  UniversityPage     - PAGE: Click contactUs button
26-02-2026 16:17:12 INFO  FormPage           - PAGE: Filling the form
26-02-2026 16:17:16 INFO  FormPage           - PAGE: Filling the form
26-02-2026 16:17:17 INFO  FormPage           - PAGE: Click submit button
26-02-2026 16:17:17 INFO  FormPage           - PAGE: Return the alert
26-02-2026 16:17:20 INFO  FormPage           - PAGE: Click submit button
26-02-2026 16:17:21 INFO  FormPage           - PAGE: Return the alert
26-02-2026 16:17:33 INFO  HomePage           - PAGE: Navigating to forUniversities page
26-02-2026 16:17:37 INFO  HomePage           - PAGE: Navigating to forUniversities page
26-02-2026 16:17:44 INFO  UniversityPage     - PAGE: Click contactUs button
26-02-2026 16:17:44 INFO  UniversityPage     - PAGE: Click contactUs button
26-02-2026 16:17:49 INFO  FormPage           - PAGE: Filling the form
26-02-2026 16:17:53 INFO  FormPage           - PAGE: Click submit button
26-02-2026 16:17:53 INFO  FormPage           - PAGE: Return the alert
26-02-2026 16:18:01 INFO  FormPage           - PAGE: Filling the form
26-02-2026 16:18:05 INFO  FormPage           - PAGE: Click submit button
26-02-2026 16:18:05 INFO  FormPage           - PAGE: Return the alert
26-02-2026 16:18:08 INFO  HomePage           - PAGE: Navigating to forUniversities page
26-02-2026 16:18:15 INFO  UniversityPage     - PAGE: Click contactUs button
26-02-2026 16:18:19 INFO  FormPage           - PAGE: Filling the form
26-02-2026 16:18:21 INFO  HomePage           - PAGE: Navigating to forUniversities page
26-02-2026 16:18:23 INFO  FormPage           - PAGE: Click submit button
26-02-2026 16:18:23 INFO  FormPage           - PAGE: Return the alert
26-02-2026 16:18:30 INFO  UniversityPage     - PAGE: Click contactUs button
26-02-2026 16:18:35 INFO  FormPage           - PAGE: Filling the form
26-02-2026 16:18:39 INFO  FormPage           - PAGE: Click submit button
26-02-2026 16:18:39 INFO  FormPage           - PAGE: Return the alert
26-02-2026 16:18:39 INFO  HomePage           - PAGE: Hover over explore link
26-02-2026 16:18:40 INFO  HomePage           - PAGE: Selecting Python from explore
26-02-2026 16:18:44 INFO  PythonPage         - PAGE: Click the first course
26-02-2026 16:18:44 INFO  PythonPage         - PAGE: Switching tab after clicking first Python course
26-02-2026 16:18:44 INFO  PythonPage         - PAGE: Printing the level of the course in console
26-02-2026 16:18:54 INFO  HomePage           - PAGE: Hover over explore link
26-02-2026 16:18:54 INFO  HomePage           - PAGE: Selecting Python from explore
26-02-2026 16:18:56 INFO  PythonPage         - PAGE: Click the first course
26-02-2026 16:18:57 INFO  PythonPage         - PAGE: Switching tab after clicking first Python course
26-02-2026 16:18:57 INFO  PythonPage         - PAGE: Printing the level of the course in console
