24-02-2026 14:32:40 INFO  HomePage           - PAGE: Searching for: java
24-02-2026 14:32:45 INFO  SearchResultPage   - PAGE: Printing the first course title in the console
24-02-2026 14:32:47 INFO  SearchResultPage   - PAGE: Printing the first course title in the console
24-02-2026 14:32:52 INFO  HomePage           - PAGE: Searching for: java
24-02-2026 14:32:56 INFO  HomePage           - PAGE: Searching for: Automation
24-02-2026 14:32:58 INFO  SearchResultPage   - PAGE: Printing the first course title in the console
24-02-2026 14:33:01 INFO  SearchResultPage   - PAGE: Printing the first course title in the console
24-02-2026 14:33:06 INFO  HomePage           - PAGE: Searching for: Automation
24-02-2026 14:33:10 INFO  HomePage           - PAGE: Navigating to forUniversities page
24-02-2026 14:33:10 INFO  SearchResultPage   - PAGE: Printing the first course title in the console
24-02-2026 14:33:19 INFO  HomePage           - PAGE: Navigating to forUniversities page
24-02-2026 14:33:24 INFO  UniversityPage     - PAGE: Click contactUs button
24-02-2026 14:33:26 INFO  UniversityPage     - PAGE: Click contactUs button
24-02-2026 14:33:29 INFO  FormPage           - PAGE: Filling the form
24-02-2026 14:33:31 INFO  FormPage           - PAGE: Filling the form
24-02-2026 14:33:32 INFO  FormPage           - PAGE: Click submit button
24-02-2026 14:33:32 INFO  FormPage           - PAGE: Return the alert
24-02-2026 14:33:34 INFO  FormPage           - PAGE: Click submit button
24-02-2026 14:33:34 INFO  FormPage           - PAGE: Return the alert
24-02-2026 14:33:51 INFO  HomePage           - PAGE: Navigating to forUniversities page
24-02-2026 14:33:53 INFO  HomePage           - PAGE: Navigating to forUniversities page
24-02-2026 14:33:57 INFO  UniversityPage     - PAGE: Click contactUs button
24-02-2026 14:33:59 INFO  UniversityPage     - PAGE: Click contactUs button
24-02-2026 14:34:02 INFO  FormPage           - PAGE: Filling the form
24-02-2026 14:34:03 INFO  FormPage           - PAGE: Filling the form
24-02-2026 14:34:04 INFO  FormPage           - PAGE: Click submit button
24-02-2026 14:34:04 INFO  FormPage           - PAGE: Return the alert
24-02-2026 14:34:06 INFO  FormPage           - PAGE: Click submit button
24-02-2026 14:34:06 INFO  FormPage           - PAGE: Return the alert
24-02-2026 14:34:23 INFO  HomePage           - PAGE: Navigating to forUniversities page
24-02-2026 14:34:27 INFO  HomePage           - PAGE: Navigating to forUniversities page
24-02-2026 14:34:34 INFO  UniversityPage     - PAGE: Click contactUs button
24-02-2026 14:34:37 INFO  UniversityPage     - PAGE: Click contactUs button
24-02-2026 14:34:37 INFO  FormPage           - PAGE: Filling the form
24-02-2026 14:34:39 INFO  FormPage           - PAGE: Click submit button
24-02-2026 14:34:39 INFO  FormPage           - PAGE: Return the alert
24-02-2026 14:34:41 INFO  FormPage           - PAGE: Filling the form
24-02-2026 14:34:43 INFO  FormPage           - PAGE: Click submit button
24-02-2026 14:34:43 INFO  FormPage           - PAGE: Return the alert
24-02-2026 14:34:47 INFO  HomePage           - PAGE: Navigating to forUniversities page
24-02-2026 14:34:52 INFO  HomePage           - PAGE: Navigating to forUniversities page
24-02-2026 14:34:54 INFO  UniversityPage     - PAGE: Click contactUs button
24-02-2026 14:34:57 INFO  UniversityPage     - PAGE: Click contactUs button
24-02-2026 14:34:59 INFO  FormPage           - PAGE: Filling the form
24-02-2026 14:35:00 INFO  FormPage           - PAGE: Filling the form
24-02-2026 14:35:01 INFO  FormPage           - PAGE: Click submit button
24-02-2026 14:35:01 INFO  FormPage           - PAGE: Return the alert
24-02-2026 14:35:02 INFO  FormPage           - PAGE: Click submit button
24-02-2026 14:35:02 INFO  FormPage           - PAGE: Return the alert
24-02-2026 14:35:10 INFO  HomePage           - PAGE: Navigating to forUniversities page
24-02-2026 14:35:12 INFO  HomePage           - PAGE: Navigating to forUniversities page
24-02-2026 14:35:18 INFO  UniversityPage     - PAGE: Click contactUs button
24-02-2026 14:35:18 INFO  UniversityPage     - PAGE: Click contactUs button
24-02-2026 14:35:22 INFO  FormPage           - PAGE: Filling the form
24-02-2026 14:35:22 INFO  FormPage           - PAGE: Filling the form
24-02-2026 14:35:23 INFO  FormPage           - PAGE: Click submit button
24-02-2026 14:35:23 INFO  FormPage           - PAGE: Return the alert
24-02-2026 14:35:24 INFO  FormPage           - PAGE: Click submit button
24-02-2026 14:35:24 INFO  FormPage           - PAGE: Return the alert
24-02-2026 14:35:33 INFO  HomePage           - PAGE: Hover over explore link
24-02-2026 14:35:33 INFO  HomePage           - PAGE: Selecting Python from explore
24-02-2026 14:35:44 INFO  HomePage           - PAGE: Hover over explore link
24-02-2026 14:35:44 INFO  HomePage           - PAGE: Selecting Python from explore
24-02-2026 14:35:45 INFO  PythonPage         - PAGE: Click the first course
24-02-2026 14:35:45 INFO  PythonPage         - PAGE: Switching tab after clicking first Python course
24-02-2026 14:35:45 INFO  PythonPage         - PAGE: Printing the level of the course in console
24-02-2026 14:35:49 INFO  PythonPage         - PAGE: Click the first course
24-02-2026 14:35:49 INFO  PythonPage         - PAGE: Switching tab after clicking first Python course
24-02-2026 14:35:49 INFO  PythonPage         - PAGE: Printing the level of the course in console
